{
  "RSpec": {
    "coverage": {
      "C:/Users/Mariusz/Desktop/TAR/TestowanieAplikacjiRuby/lib/acronym.rb": [
        1,
        1,
        7,
        null,
        null
      ],
      "C:/Users/Mariusz/Desktop/TAR/TestowanieAplikacjiRuby/lib/anagram.rb": [
        1,
        1,
        12,
        null,
        null,
        1,
        46,
        null,
        null
      ],
      "C:/Users/Mariusz/Desktop/TAR/TestowanieAplikacjiRuby/lib/book_store.rb": [
        1,
        1,
        null,
        1,
        14,
        14,
        13,
        13,
        108,
        13,
        13,
        null,
        null,
        1,
        null,
        1,
        61988,
        371816,
        61988,
        30442,
        null,
        31546,
        61975,
        61975,
        null,
        null,
        null,
        null,
        1,
        61975,
        61975,
        2078,
        59897,
        4138,
        55759,
        8164,
        47595,
        16049,
        31546,
        31546,
        null,
        null,
        null
      ],
      "C:/Users/Mariusz/Desktop/TAR/TestowanieAplikacjiRuby/lib/bowling.rb": [
        1,
        1,
        26,
        null,
        null,
        1,
        442,
        439,
        438,
        null,
        437,
        437,
        2448,
        null,
        null,
        null,
        1,
        18,
        13,
        null,
        null,
        1,
        null,
        1,
        1633,
        null,
        null,
        1,
        1,
        2448,
        2448,
        null,
        null,
        1,
        2908,
        null,
        null,
        1,
        437,
        null,
        null,
        1,
        130,
        null,
        null,
        1,
        null,
        1,
        18901,
        null,
        null,
        1,
        2448,
        null,
        null,
        null,
        1,
        null,
        null,
        1,
        1,
        null
      ],
      "C:/Users/Mariusz/Desktop/TAR/TestowanieAplikacjiRuby/lib/etl.rb": [
        1,
        1,
        4,
        null,
        11,
        null,
        null,
        null,
        null
      ],
      "C:/Users/Mariusz/Desktop/TAR/TestowanieAplikacjiRuby/lib/grains.rb": [
        1,
        1,
        11,
        11,
        3,
        null,
        8,
        8,
        178,
        null,
        8,
        null,
        null,
        1,
        1,
        1,
        1,
        64,
        null,
        1,
        null,
        null
      ],
      "C:/Users/Mariusz/Desktop/TAR/TestowanieAplikacjiRuby/lib/hamming.rb": [
        1,
        1,
        7,
        7,
        2,
        null,
        5,
        32,
        10,
        null,
        null,
        5,
        null,
        null
      ],
      "C:/Users/Mariusz/Desktop/TAR/TestowanieAplikacjiRuby/lib/hello_world.rb": [
        1,
        1,
        1,
        null,
        null
      ],
      "C:/Users/Mariusz/Desktop/TAR/TestowanieAplikacjiRuby/lib/high_scores.rb": [
        1,
        1,
        10,
        null,
        null,
        1,
        1,
        null,
        null,
        1,
        3,
        null,
        null,
        1,
        3,
        null,
        null,
        1,
        5,
        null,
        null,
        1,
        2,
        null,
        null
      ],
      "C:/Users/Mariusz/Desktop/TAR/TestowanieAplikacjiRuby/lib/matrix.rb": [
        1,
        1,
        6,
        6,
        6,
        21,
        22,
        6,
        15,
        15,
        41,
        41,
        41,
        null,
        15,
        null,
        null,
        null,
        1,
        4,
        null,
        1,
        2,
        null,
        null
      ],
      "C:/Users/Mariusz/Desktop/TAR/TestowanieAplikacjiRuby/lib/resistor_color_duo.rb": [
        1,
        1,
        null,
        null,
        null,
        null,
        null,
        1,
        5,
        null,
        null
      ],
      "C:/Users/Mariusz/Desktop/TAR/TestowanieAplikacjiRuby/lib/run_length_encoding.rb": [
        1,
        1,
        7,
        null,
        96,
        29,
        null,
        null,
        1,
        7,
        null,
        29,
        null,
        null,
        null
      ],
      "C:/Users/Mariusz/Desktop/TAR/TestowanieAplikacjiRuby/lib/series.rb": [
        1,
        1,
        15,
        null,
        null,
        1,
        16,
        14,
        null,
        null
      ],
      "C:/Users/Mariusz/Desktop/TAR/TestowanieAplikacjiRuby/lib/sum_of_multiples.rb": [
        1,
        1,
        15,
        15,
        30,
        null,
        null,
        null,
        1,
        15,
        15,
        15,
        30,
        30,
        13923,
        9070,
        9070,
        null,
        13923,
        null,
        null,
        15,
        null,
        null
      ],
      "C:/Users/Mariusz/Desktop/TAR/TestowanieAplikacjiRuby/lib/twelve_days.rb": [
        1,
        1,
        1,
        1,
        1,
        null,
        null,
        null
      ],
      "C:/Users/Mariusz/Desktop/TAR/TestowanieAplikacjiRuby/lib/two_fer.rb": [
        1,
        1,
        3,
        1,
        null,
        2,
        null,
        null,
        null
      ],
      "C:/Users/Mariusz/Desktop/TAR/TestowanieAplikacjiRuby/lib/word_count.rb": [
        1,
        1,
        11,
        null,
        null,
        1,
        11,
        11,
        null,
        null,
        47,
        11,
        null,
        null
      ]
    },
    "timestamp": 1572806012
  }
}
